#
# A fatal error has been detected by the Java Runtime Environment:
#
#  Internal Error (javaCalls.cpp:51), pid=9241, tid=0x0000000000002e03
#  guarantee(thread->is_Java_thread()) failed: crucial check - the VM thread cannot and must not escape to Java code
#
# JRE version: Java(TM) SE Runtime Environment (8.0_201-b09) (build 1.8.0_201-b09)
# Java VM: Java HotSpot(TM) 64-Bit Server VM (25.201-b09 mixed mode bsd-amd64 compressed oops)
# Failed to write core dump. Core dumps have been disabled. To enable core dumping, try "ulimit -c unlimited" before starting Java again
#
# If you would like to submit a bug report, please visit:
#   http://bugreport.java.com/bugreport/crash.jsp
#

---------------  T H R E A D  ---------------

Current thread (0x00007fa057826800):  VMThread [stack: 0x000070000ede5000,0x000070000eee5000] [id=11779]

Stack: [0x000070000ede5000,0x000070000eee5000],  sp=0x000070000eee3a50,  free space=1018k
Native frames: (J=compiled Java code, j=interpreted, Vv=VM code, C=native code)
V  [libjvm.dylib+0x5b6a2e]
V  [libjvm.dylib+0x1e9b21]
V  [libjvm.dylib+0x2f028c]
V  [libjvm.dylib+0x2f0b44]
V  [libjvm.dylib+0x2f1077]
V  [libjvm.dylib+0x2446d3]
V  [libjvm.dylib+0x2447ce]
V  [libjvm.dylib+0x244a2d]
V  [libjvm.dylib+0x244a48]
V  [libjvm.dylib+0x28887f]
V  [libjvm.dylib+0x28890f]
V  [libjvm.dylib+0x288c2b]
V  [libjvm.dylib+0x289f9e]
V  [libjvm.dylib+0x28b4e4]
V  [libjvm.dylib+0x28b733]
V  [libjvm.dylib+0x28bcca]
V  [libjvm.dylib+0x28c0e3]
V  [libjvm.dylib+0x486331]
V  [libjvm.dylib+0x48653a]
V  [libjvm.dylib+0x48671b]
V  [libjvm.dylib+0x4869d2]
V  [libjvm.dylib+0x2c3a00]
V  [libjvm.dylib+0x45405d]
V  [libjvm.dylib+0x39bf6f]
V  [libjvm.dylib+0x5be6ad]
V  [libjvm.dylib+0x5bcc45]
V  [libjvm.dylib+0x5bd092]
V  [libjvm.dylib+0x5bc9b1]
V  [libjvm.dylib+0x48f3ca]
C  [libsystem_pthread.dylib+0x32eb]  _pthread_body+0x7e
C  [libsystem_pthread.dylib+0x6249]  _pthread_start+0x42
C  [libsystem_pthread.dylib+0x240d]  thread_start+0xd

VM_Operation (0x000070000f2f0978): GetOrSetLocal, mode: safepoint, requested by thread 0x00007fa05803c800


---------------  P R O C E S S  ---------------

Java Threads: ( => current thread )
  0x00007fa0590f1800 JavaThread "ReaderThread" [_thread_in_native, id=17155, stack(0x000070000fa09000,0x000070000fb09000)]
  0x00007fa058033000 JavaThread "Service Thread" daemon [_thread_blocked, id=15363, stack(0x000070000f803000,0x000070000f903000)]
  0x00007fa059018000 JavaThread "C1 CompilerThread2" daemon [_thread_blocked, id=15107, stack(0x000070000f700000,0x000070000f800000)]
  0x00007fa05901a000 JavaThread "C2 CompilerThread1" daemon [_thread_blocked, id=17667, stack(0x000070000f5fd000,0x000070000f6fd000)]
  0x00007fa057838800 JavaThread "C2 CompilerThread0" daemon [_thread_blocked, id=14595, stack(0x000070000f4fa000,0x000070000f5fa000)]
  0x00007fa058806000 JavaThread "JDWP Command Reader" daemon [_thread_in_native, id=14083, stack(0x000070000f3f7000,0x000070000f4f7000)]
  0x00007fa057837000 JavaThread "JDWP Event Helper Thread" daemon [_thread_blocked, id=18435, stack(0x000070000f2f4000,0x000070000f3f4000)]
  0x00007fa05803c800 JavaThread "JDWP Transport Listener: dt_socket" daemon [_thread_blocked, id=18951, stack(0x000070000f1f1000,0x000070000f2f1000)]
  0x00007fa059015800 JavaThread "Signal Dispatcher" daemon [_thread_blocked, id=19459, stack(0x000070000f0ee000,0x000070000f1ee000)]
  0x00007fa05802f800 JavaThread "Finalizer" daemon [_thread_blocked, id=20995, stack(0x000070000efeb000,0x000070000f0eb000)]
  0x00007fa05782d000 JavaThread "Reference Handler" daemon [_thread_blocked, id=12035, stack(0x000070000eee8000,0x000070000efe8000)]
  0x00007fa057808800 JavaThread "main" [_thread_blocked, id=6403, stack(0x000070000e8d6000,0x000070000e9d6000)]

Other Threads:
=>0x00007fa057826800 VMThread [stack: 0x000070000ede5000,0x000070000eee5000] [id=11779]
  0x00007fa059019000 WatcherThread [stack: 0x000070000f906000,0x000070000fa06000] [id=15875]

VM state:at safepoint (normal execution)

VM Mutex/Monitor currently owned by a thread:  ([mutex/lock_event])
[0x00007fa057701540] Threads_lock - owner thread: 0x00007fa057826800

heap address: 0x0000000740000000, size: 2048 MB, Compressed Oops mode: Zero based, Oop shift amount: 3
Narrow klass base: 0x0000000000000000, Narrow klass shift: 3
Compressed class space size: 1073741824 Address: 0x00000007c0000000

Heap:
 PSYoungGen      total 38400K, used 19580K [0x0000000795580000, 0x0000000798000000, 0x00000007c0000000)
  eden space 33280K, 43% used [0x0000000795580000,0x000000079639f480,0x0000000797600000)
  from space 5120K, 99% used [0x0000000797600000,0x0000000797affc20,0x0000000797b00000)
  to   space 5120K, 0% used [0x0000000797b00000,0x0000000797b00000,0x0000000798000000)
 ParOldGen       total 87552K, used 1600K [0x0000000740000000, 0x0000000745580000, 0x0000000795580000)
  object space 87552K, 1% used [0x0000000740000000,0x0000000740190380,0x0000000745580000)
 Metaspace       used 15809K, capacity 15984K, committed 16384K, reserved 1062912K
  class space    used 1868K, capacity 1936K, committed 2048K, reserved 1048576K

Card table byte_map: [0x00000001091c0000,0x00000001095c1000] byte_map_base: 0x00000001057c0000

Marking Bits: (ParMarkBitMap*) 0x0000000107e46e40
 Begin Bits: [0x000000010986c000, 0x000000010b86c000)
 End Bits:   [0x000000010b86c000, 0x000000010d86c000)

Polling page: 0x0000000108548000

CodeCache: size=245760Kb used=4235Kb max_used=4246Kb free=241525Kb
 bounds [0x0000000114fe4000, 0x0000000115414000, 0x0000000123fe4000]
 total_blobs=1534 nmethods=1158 adapters=297
 compilation: enabled

Compilation events (10 events):
Event: 1.283 Thread 0x00007fa059018000 nmethod 1141 0x000000011540a6d0 code [0x000000011540a860, 0x000000011540aba8]
Event: 1.283 Thread 0x00007fa059018000 1154       1       org.apache.xmlbeans.impl.schema.SchemaParticleImpl::getMaxOccurs (5 bytes)
Event: 1.283 Thread 0x00007fa059018000 nmethod 1154 0x000000011540a410 code [0x000000011540a560, 0x000000011540a670]
Event: 1.283 Thread 0x00007fa059018000 1125       1       org.apache.xmlbeans.impl.schema.SchemaPropertyImpl::hasDefault (5 bytes)
Event: 1.283 Thread 0x00007fa059018000 nmethod 1125 0x000000011540a0d0 code [0x000000011540a220, 0x000000011540a330]
Event: 1.283 Thread 0x00007fa059018000 1126       1       org.apache.xmlbeans.impl.schema.SchemaPropertyImpl::hasFixed (5 bytes)
Event: 1.283 Thread 0x00007fa059018000 nmethod 1126 0x00000001153ff250 code [0x00000001153ff3a0, 0x00000001153ff4b0]
Event: 1.283 Thread 0x00007fa059018000 1117       3       java.lang.Class::getReflectionFactory (26 bytes)
Event: 1.283 Thread 0x00007fa059018000 nmethod 1117 0x00000001153febd0 code [0x00000001153fed60, 0x00000001153ff148]
Event: 1.285 Thread 0x00007fa05901a000 nmethod 1145 0x00000001153fcfd0 code [0x00000001153fd140, 0x00000001153fd4d8]

GC Heap History (2 events):
Event: 1.027 GC heap before
{Heap before GC invocations=1 (full 0):
 PSYoungGen      total 38400K, used 33280K [0x0000000795580000, 0x0000000798000000, 0x00000007c0000000)
  eden space 33280K, 100% used [0x0000000795580000,0x0000000797600000,0x0000000797600000)
  from space 5120K, 0% used [0x0000000797b00000,0x0000000797b00000,0x0000000798000000)
  to   space 5120K, 0% used [0x0000000797600000,0x0000000797600000,0x0000000797b00000)
 ParOldGen       total 87552K, used 0K [0x0000000740000000, 0x0000000745580000, 0x0000000795580000)
  object space 87552K, 0% used [0x0000000740000000,0x0000000740000000,0x0000000745580000)
 Metaspace       used 13305K, capacity 13490K, committed 13696K, reserved 1060864K
  class space    used 1510K, capacity 1579K, committed 1664K, reserved 1048576K
Event: 1.033 GC heap after
Heap after GC invocations=1 (full 0):
 PSYoungGen      total 38400K, used 5119K [0x0000000795580000, 0x0000000798000000, 0x00000007c0000000)
  eden space 33280K, 0% used [0x0000000795580000,0x0000000795580000,0x0000000797600000)
  from space 5120K, 99% used [0x0000000797600000,0x0000000797affc20,0x0000000797b00000)
  to   space 5120K, 0% used [0x0000000797b00000,0x0000000797b00000,0x0000000798000000)
 ParOldGen       total 87552K, used 1600K [0x0000000740000000, 0x0000000745580000, 0x0000000795580000)
  object space 87552K, 1% used [0x0000000740000000,0x0000000740190380,0x0000000745580000)
 Metaspace       used 13305K, capacity 13490K, committed 13696K, reserved 1060864K
  class space    used 1510K, capacity 1579K, committed 1664K, reserved 1048576K
}

Deoptimization events (6 events):
Event: 0.392 Thread 0x00007fa057808800 Uncommon trap: reason=unstable_if action=reinterpret pc=0x0000000115130a60 method=java.lang.String.indexOf(II)I @ 49
Event: 0.514 Thread 0x00007fa057808800 Uncommon trap: reason=unstable_if action=reinterpret pc=0x000000011519effc method=java.lang.String.indexOf([CII[CIII)I @ 3
Event: 0.594 Thread 0x00007fa057808800 Uncommon trap: reason=unstable_if action=reinterpret pc=0x000000011518bd10 method=java.lang.String.replace(CC)Ljava/lang/String; @ 26
Event: 0.674 Thread 0x00007fa057808800 Uncommon trap: reason=range_check action=make_not_entrant pc=0x000000011524a534 method=sun.reflect.generics.parser.SignatureParser.current()C @ 34
Event: 1.098 Thread 0x00007fa057808800 Uncommon trap: reason=unstable_if action=reinterpret pc=0x0000000115333a74 method=org.apache.xmlbeans.impl.schema.SchemaTypeSystemImpl$StringPool.stringForCode(I)Ljava/lang/String; @ 1
Event: 1.269 Thread 0x00007fa057808800 Uncommon trap: reason=unstable_if action=reinterpret pc=0x00000001153b1718 method=org.apache.xmlbeans.impl.store.Cur.isNormal()Z @ 60

Classes redefined (4 events):
Event: 742.953 Thread 0x00007fa057826800 redefined class name=com.syntax.practice.ExcelFunctionsTest, count=1
Event: 10268.127 Thread 0x00007fa057826800 redefined class name=com.syntax.practice.ExcelFunctionsTest, count=2
Event: 12322.207 Thread 0x00007fa057826800 redefined class name=com.syntax.practice.ExcelFunctionsTest, count=3
Event: 12433.867 Thread 0x00007fa057826800 redefined class name=com.syntax.practice.ExcelFunctionsTest, count=4

Internal exceptions (10 events):
Event: 0.391 Thread 0x00007fa057808800 Exception <a 'java/lang/ArrayIndexOutOfBoundsException'> (0x00000007959d7ba0) thrown at [/Users/java_re/workspace/8-2-build-macosx-x86_64/jdk8u201/12322/hotspot/src/share/vm/runtime/sharedRuntime.cpp, line 605]
Event: 0.391 Thread 0x00007fa057808800 Exception <a 'java/lang/ArrayIndexOutOfBoundsException'> (0x00000007959d8aa8) thrown at [/Users/java_re/workspace/8-2-build-macosx-x86_64/jdk8u201/12322/hotspot/src/share/vm/runtime/sharedRuntime.cpp, line 605]
Event: 0.396 Thread 0x00007fa057808800 Exception <a 'java/security/PrivilegedActionException'> (0x0000000795a03188) thrown at [/Users/java_re/workspace/8-2-build-macosx-x86_64/jdk8u201/12322/hotspot/src/share/vm/prims/jvm.cpp, line 1502]
Event: 0.396 Thread 0x00007fa057808800 Exception <a 'java/security/PrivilegedActionException'> (0x0000000795a03398) thrown at [/Users/java_re/workspace/8-2-build-macosx-x86_64/jdk8u201/12322/hotspot/src/share/vm/prims/jvm.cpp, line 1502]
Event: 0.396 Thread 0x00007fa057808800 Exception <a 'java/security/PrivilegedActionException'> (0x0000000795a066c8) thrown at [/Users/java_re/workspace/8-2-build-macosx-x86_64/jdk8u201/12322/hotspot/src/share/vm/prims/jvm.cpp, line 1502]
Event: 0.396 Thread 0x00007fa057808800 Exception <a 'java/security/PrivilegedActionException'> (0x0000000795a068d8) thrown at [/Users/java_re/workspace/8-2-build-macosx-x86_64/jdk8u201/12322/hotspot/src/share/vm/prims/jvm.cpp, line 1502]
Event: 0.674 Thread 0x00007fa057808800 Exception <a 'java/lang/ArrayIndexOutOfBoundsException': 65> (0x00000007964c5498) thrown at [/Users/java_re/workspace/8-2-build-macosx-x86_64/jdk8u201/12322/hotspot/src/share/vm/interpreter/interpreterRuntime.cpp, line 368]
Event: 0.675 Thread 0x00007fa057808800 Exception <a 'java/lang/ArrayIndexOutOfBoundsException': 60> (0x00000007964cb368) thrown at [/Users/java_re/workspace/8-2-build-macosx-x86_64/jdk8u201/12322/hotspot/src/share/vm/interpreter/interpreterRuntime.cpp, line 368]
Event: 0.857 Thread 0x00007fa057808800 Exception <a 'java/lang/NoSuchFieldError': method resolution failed> (0x0000000796d31bc0) thrown at [/Users/java_re/workspace/8-2-build-macosx-x86_64/jdk8u201/12322/hotspot/src/share/vm/prims/methodHandles.cpp, line 1167]
Event: 0.861 Thread 0x00007fa057808800 Exception <a 'java/lang/NoSuchFieldError': method resolution failed> (0x0000000796d3f2b0) thrown at [/Users/java_re/workspace/8-2-build-macosx-x86_64/jdk8u201/12322/hotspot/src/share/vm/prims/methodHandles.cpp, line 1167]

Events (10 events):
Event: 12433.867 Executing VM operation: RedefineClasses done
Event: 12433.871 Executing VM operation: ChangeBreakpoints
Event: 12433.871 Executing VM operation: ChangeBreakpoints done
Event: 12433.878 Executing VM operation: ChangeBreakpoints
Event: 12433.880 Executing VM operation: ChangeBreakpoints done
Event: 12434.201 Executing VM operation: GetOwnedMonitorInfo
Event: 12434.201 Executing VM operation: GetOwnedMonitorInfo done
Event: 12434.201 Executing VM operation: GetCurrentContendedMonitor
Event: 12434.201 Executing VM operation: GetCurrentContendedMonitor done
Event: 14123.113 Executing VM operation: GetOrSetLocal


Dynamic libraries:
0x00007fff35837000 	/System/Library/Frameworks/Cocoa.framework/Versions/A/Cocoa
0x00007fff4154f000 	/System/Library/Frameworks/Security.framework/Versions/A/Security
0x00007fff344cc000 	/System/Library/Frameworks/ApplicationServices.framework/Versions/A/ApplicationServices
0x00007fff61611000 	/usr/lib/libz.1.dylib
0x00007fff5ef6b000 	/usr/lib/libSystem.B.dylib
0x00007fff607a2000 	/usr/lib/libobjc.A.dylib
0x00007fff3601f000 	/System/Library/Frameworks/CoreFoundation.framework/Versions/A/CoreFoundation
0x00007fff382a1000 	/System/Library/Frameworks/Foundation.framework/Versions/C/Foundation
0x00007fff336c5000 	/System/Library/Frameworks/AppKit.framework/Versions/C/AppKit
0x00007fff35bb2000 	/System/Library/Frameworks/CoreData.framework/Versions/A/CoreData
0x00007fff58a3e000 	/System/Library/PrivateFrameworks/RemoteViewServices.framework/Versions/A/RemoteViewServices
0x00007fff5ccab000 	/System/Library/PrivateFrameworks/UIFoundation.framework/Versions/A/UIFoundation
0x00007fff5e38d000 	/System/Library/PrivateFrameworks/XCTTargetBootstrap.framework/Versions/A/XCTTargetBootstrap
0x00007fff35f37000 	/System/Library/Frameworks/CoreDisplay.framework/Versions/A/CoreDisplay
0x00007fff53795000 	/System/Library/PrivateFrameworks/IconServices.framework/Versions/A/IconServices
0x00007fff3abc5000 	/System/Library/Frameworks/Metal.framework/Versions/A/Metal
0x00007fff4ad10000 	/System/Library/PrivateFrameworks/DesktopServicesPriv.framework/Versions/A/DesktopServicesPriv
0x00007fff5fb05000 	/usr/lib/libenergytrace.dylib
0x00007fff5b194000 	/System/Library/PrivateFrameworks/SkyLight.framework/Versions/A/SkyLight
0x00007fff36465000 	/System/Library/Frameworks/CoreGraphics.framework/Versions/A/CoreGraphics
0x00007fff32491000 	/System/Library/Frameworks/Accelerate.framework/Versions/A/Accelerate
0x00007fff389e9000 	/System/Library/Frameworks/IOSurface.framework/Versions/A/IOSurface
0x00007fff4ab7c000 	/System/Library/PrivateFrameworks/DFRFoundation.framework/Versions/A/DFRFoundation
0x00007fff349af000 	/System/Library/Frameworks/AudioToolbox.framework/Versions/A/AudioToolbox
0x00007fff34c28000 	/System/Library/Frameworks/AudioUnit.framework/Versions/A/AudioUnit
0x00007fff4ac11000 	/System/Library/PrivateFrameworks/DataDetectorsCore.framework/Versions/A/DataDetectorsCore
0x00007fff3533b000 	/System/Library/Frameworks/Carbon.framework/Versions/A/Frameworks/HIToolbox.framework/Versions/A/HIToolbox
0x00007fff5fc5e000 	/usr/lib/libicucore.A.dylib
0x00007fff40ac4000 	/System/Library/Frameworks/QuartzCore.framework/Versions/A/QuartzCore
0x00007fff3570f000 	/System/Library/Frameworks/Carbon.framework/Versions/A/Frameworks/SpeechRecognition.framework/Versions/A/SpeechRecognition
0x00007fff5f0bf000 	/usr/lib/libauto.dylib
0x00007fff61505000 	/usr/lib/libxml2.2.dylib
0x00007fff4a759000 	/System/Library/PrivateFrameworks/CoreUI.framework/Versions/A/CoreUI
0x00007fff35a9d000 	/System/Library/Frameworks/CoreAudio.framework/Versions/A/CoreAudio
0x00007fff380d6000 	/System/Library/Frameworks/DiskArbitration.framework/Versions/A/DiskArbitration
0x00007fff5ff0c000 	/usr/lib/liblangid.dylib
0x00007fff54ba3000 	/System/Library/PrivateFrameworks/MultitouchSupport.framework/Versions/A/MultitouchSupport
0x00007fff38958000 	/System/Library/Frameworks/IOKit.framework/Versions/A/IOKit
0x00007fff5eb2c000 	/usr/lib/libDiagnosticMessagesClient.dylib
0x00007fff37274000 	/System/Library/Frameworks/CoreServices.framework/Versions/A/CoreServices
0x00007fff5684a000 	/System/Library/PrivateFrameworks/PerformanceAnalysis.framework/Versions/A/PerformanceAnalysis
0x00007fff3fcb2000 	/System/Library/Frameworks/OpenGL.framework/Versions/A/OpenGL
0x00007fff35845000 	/System/Library/Frameworks/ColorSync.framework/Versions/A/ColorSync
0x00007fff36af6000 	/System/Library/Frameworks/CoreImage.framework/Versions/A/CoreImage
0x00007fff37c4d000 	/System/Library/Frameworks/CoreText.framework/Versions/A/CoreText
0x00007fff38a4c000 	/System/Library/Frameworks/ImageIO.framework/Versions/A/ImageIO
0x00007fff46dae000 	/System/Library/PrivateFrameworks/Backup.framework/Versions/A/Backup
0x00007fff5f012000 	/usr/lib/libarchive.2.dylib
0x00007fff34f80000 	/System/Library/Frameworks/CFNetwork.framework/Versions/A/CFNetwork
0x00007fff41ca9000 	/System/Library/Frameworks/SystemConfiguration.framework/Versions/A/SystemConfiguration
0x00007fff5ea5d000 	/usr/lib/libCRFSuite.dylib
0x00007fff5f1ae000 	/usr/lib/libc++.1.dylib
0x00007fff5f202000 	/usr/lib/libc++abi.dylib
0x00007fff61e07000 	/usr/lib/system/libcache.dylib
0x00007fff61e0c000 	/usr/lib/system/libcommonCrypto.dylib
0x00007fff61e17000 	/usr/lib/system/libcompiler_rt.dylib
0x00007fff61e1f000 	/usr/lib/system/libcopyfile.dylib
0x00007fff61e29000 	/usr/lib/system/libcorecrypto.dylib
0x00007fff61f34000 	/usr/lib/system/libdispatch.dylib
0x00007fff61f6e000 	/usr/lib/system/libdyld.dylib
0x00007fff61f9b000 	/usr/lib/system/libkeymgr.dylib
0x00007fff61fa9000 	/usr/lib/system/liblaunch.dylib
0x00007fff61faa000 	/usr/lib/system/libmacho.dylib
0x00007fff61fb0000 	/usr/lib/system/libquarantine.dylib
0x00007fff61fb3000 	/usr/lib/system/libremovefile.dylib
0x00007fff61fb5000 	/usr/lib/system/libsystem_asl.dylib
0x00007fff61fcd000 	/usr/lib/system/libsystem_blocks.dylib
0x00007fff61fce000 	/usr/lib/system/libsystem_c.dylib
0x00007fff62056000 	/usr/lib/system/libsystem_configuration.dylib
0x00007fff6205a000 	/usr/lib/system/libsystem_coreservices.dylib
0x00007fff6205e000 	/usr/lib/system/libsystem_darwin.dylib
0x00007fff62065000 	/usr/lib/system/libsystem_dnssd.dylib
0x00007fff6206c000 	/usr/lib/system/libsystem_info.dylib
0x00007fff620e1000 	/usr/lib/system/libsystem_m.dylib
0x00007fff6212d000 	/usr/lib/system/libsystem_malloc.dylib
0x00007fff62158000 	/usr/lib/system/libsystem_networkextension.dylib
0x00007fff62163000 	/usr/lib/system/libsystem_notify.dylib
0x00007fff62180000 	/usr/lib/system/libsystem_sandbox.dylib
0x00007fff62184000 	/usr/lib/system/libsystem_secinit.dylib
0x00007fff620b8000 	/usr/lib/system/libsystem_kernel.dylib
0x00007fff6216b000 	/usr/lib/system/libsystem_platform.dylib
0x00007fff62175000 	/usr/lib/system/libsystem_pthread.dylib
0x00007fff62187000 	/usr/lib/system/libsystem_symptoms.dylib
0x00007fff6218f000 	/usr/lib/system/libsystem_trace.dylib
0x00007fff621a6000 	/usr/lib/system/libunwind.dylib
0x00007fff621ac000 	/usr/lib/system/libxpc.dylib
0x00007fff5f18f000 	/usr/lib/libbsm.0.dylib
0x00007fff61f9c000 	/usr/lib/system/libkxld.dylib
0x00007fff4619f000 	/System/Library/PrivateFrameworks/AppleFSCompression.framework/Versions/A/AppleFSCompression
0x00007fff5ee2b000 	/usr/lib/libOpenScriptingUtil.dylib
0x00007fff5f4b7000 	/usr/lib/libcoretls.dylib
0x00007fff5f4ce000 	/usr/lib/libcoretls_cfhelpers.dylib
0x00007fff60f39000 	/usr/lib/libpam.2.dylib
0x00007fff610f9000 	/usr/lib/libsqlite3.dylib
0x00007fff614f3000 	/usr/lib/libxar.1.dylib
0x00007fff5f1a0000 	/usr/lib/libbz2.1.0.dylib
0x00007fff5ff0e000 	/usr/lib/liblzma.5.dylib
0x00007fff603bf000 	/usr/lib/libnetwork.dylib
0x00007fff5effb000 	/usr/lib/libapple_nghttp2.dylib
0x00007fff60f40000 	/usr/lib/libpcap.A.dylib
0x00007fff37613000 	/System/Library/Frameworks/CoreServices.framework/Versions/A/Frameworks/FSEvents.framework/Versions/A/FSEvents
0x00007fff372f2000 	/System/Library/Frameworks/CoreServices.framework/Versions/A/Frameworks/CarbonCore.framework/Versions/A/CarbonCore
0x00007fff377cf000 	/System/Library/Frameworks/CoreServices.framework/Versions/A/Frameworks/Metadata.framework/Versions/A/Metadata
0x00007fff3786e000 	/System/Library/Frameworks/CoreServices.framework/Versions/A/Frameworks/OSServices.framework/Versions/A/OSServices
0x00007fff378b9000 	/System/Library/Frameworks/CoreServices.framework/Versions/A/Frameworks/SearchKit.framework/Versions/A/SearchKit
0x00007fff37275000 	/System/Library/Frameworks/CoreServices.framework/Versions/A/Frameworks/AE.framework/Versions/A/AE
0x00007fff3761c000 	/System/Library/Frameworks/CoreServices.framework/Versions/A/Frameworks/LaunchServices.framework/Versions/A/LaunchServices
0x00007fff375ca000 	/System/Library/Frameworks/CoreServices.framework/Versions/A/Frameworks/DictionaryServices.framework/Versions/A/DictionaryServices
0x00007fff37921000 	/System/Library/Frameworks/CoreServices.framework/Versions/A/Frameworks/SharedFileList.framework/Versions/A/SharedFileList
0x00007fff3bc8d000 	/System/Library/Frameworks/NetFS.framework/Versions/A/NetFS
0x00007fff54e09000 	/System/Library/PrivateFrameworks/NetAuth.framework/Versions/A/NetAuth
0x00007fff5e791000 	/System/Library/PrivateFrameworks/login.framework/Versions/A/Frameworks/loginsupport.framework/Versions/A/loginsupport
0x00007fff5c8b4000 	/System/Library/PrivateFrameworks/TCC.framework/Versions/A/TCC
0x00007fff49db6000 	/System/Library/PrivateFrameworks/CoreNLP.framework/Versions/A/CoreNLP
0x00007fff5489c000 	/System/Library/PrivateFrameworks/MetadataUtilities.framework/Versions/A/MetadataUtilities
0x00007fff5ffe3000 	/usr/lib/libmecabra.dylib
0x00007fff344cd000 	/System/Library/Frameworks/ApplicationServices.framework/Versions/A/Frameworks/ATS.framework/Versions/A/ATS
0x00007fff3481c000 	/System/Library/Frameworks/ApplicationServices.framework/Versions/A/Frameworks/ColorSyncLegacy.framework/Versions/A/ColorSyncLegacy
0x00007fff348bb000 	/System/Library/Frameworks/ApplicationServices.framework/Versions/A/Frameworks/HIServices.framework/Versions/A/HIServices
0x00007fff3490e000 	/System/Library/Frameworks/ApplicationServices.framework/Versions/A/Frameworks/LangAnalysis.framework/Versions/A/LangAnalysis
0x00007fff3491e000 	/System/Library/Frameworks/ApplicationServices.framework/Versions/A/Frameworks/PrintCore.framework/Versions/A/PrintCore
0x00007fff34968000 	/System/Library/Frameworks/ApplicationServices.framework/Versions/A/Frameworks/QD.framework/Versions/A/QD
0x00007fff349a2000 	/System/Library/Frameworks/ApplicationServices.framework/Versions/A/Frameworks/SpeechSynthesis.framework/Versions/A/SpeechSynthesis
0x00007fff5f22a000 	/usr/lib/libcompression.dylib
0x00007fff3ae95000 	/System/Library/Frameworks/MetalPerformanceShaders.framework/Versions/A/MetalPerformanceShaders
0x00007fff324a9000 	/System/Library/Frameworks/Accelerate.framework/Versions/A/Frameworks/vImage.framework/Versions/A/vImage
0x00007fff33523000 	/System/Library/Frameworks/Accelerate.framework/Versions/A/Frameworks/vecLib.framework/Versions/A/vecLib
0x00007fff3346f000 	/System/Library/Frameworks/Accelerate.framework/Versions/A/Frameworks/vecLib.framework/Versions/A/libvMisc.dylib
0x00007fff33287000 	/System/Library/Frameworks/Accelerate.framework/Versions/A/Frameworks/vecLib.framework/Versions/A/libvDSP.dylib
0x00007fff32b43000 	/System/Library/Frameworks/Accelerate.framework/Versions/A/Frameworks/vecLib.framework/Versions/A/libBLAS.dylib
0x00007fff32e30000 	/System/Library/Frameworks/Accelerate.framework/Versions/A/Frameworks/vecLib.framework/Versions/A/libLAPACK.dylib
0x00007fff331da000 	/System/Library/Frameworks/Accelerate.framework/Versions/A/Frameworks/vecLib.framework/Versions/A/libLinearAlgebra.dylib
0x00007fff33273000 	/System/Library/Frameworks/Accelerate.framework/Versions/A/Frameworks/vecLib.framework/Versions/A/libSparseBLAS.dylib
0x00007fff331f0000 	/System/Library/Frameworks/Accelerate.framework/Versions/A/Frameworks/vecLib.framework/Versions/A/libQuadrature.dylib
0x00007fff32dbd000 	/System/Library/Frameworks/Accelerate.framework/Versions/A/Frameworks/vecLib.framework/Versions/A/libBNNS.dylib
0x00007fff331f6000 	/System/Library/Frameworks/Accelerate.framework/Versions/A/Frameworks/vecLib.framework/Versions/A/libSparse.dylib
0x00007fff510f8000 	/System/Library/PrivateFrameworks/GPUWrangler.framework/Versions/A/GPUWrangler
0x00007fff533ca000 	/System/Library/PrivateFrameworks/IOAccelerator.framework/Versions/A/IOAccelerator
0x00007fff533d5000 	/System/Library/PrivateFrameworks/IOPresentment.framework/Versions/A/IOPresentment
0x00007fff4ab8c000 	/System/Library/PrivateFrameworks/DSExternalDisplay.framework/Versions/A/DSExternalDisplay
0x00007fff3f109000 	/System/Library/Frameworks/OpenGL.framework/Versions/A/Libraries/libCoreFSCache.dylib
0x00007fff3ac89000 	/System/Library/Frameworks/MetalPerformanceShaders.framework/Frameworks/MPSCore.framework/Versions/A/MPSCore
0x00007fff3aca9000 	/System/Library/Frameworks/MetalPerformanceShaders.framework/Frameworks/MPSImage.framework/Versions/A/MPSImage
0x00007fff3ad4e000 	/System/Library/Frameworks/MetalPerformanceShaders.framework/Frameworks/MPSNeuralNetwork.framework/Versions/A/MPSNeuralNetwork
0x00007fff3ad26000 	/System/Library/Frameworks/MetalPerformanceShaders.framework/Frameworks/MPSMatrix.framework/Versions/A/MPSMatrix
0x00007fff3ae7a000 	/System/Library/Frameworks/MetalPerformanceShaders.framework/Frameworks/MPSRayIntersector.framework/Versions/A/MPSRayIntersector
0x00007fff548c5000 	/System/Library/PrivateFrameworks/MetalTools.framework/Versions/A/MetalTools
0x00007fff45a4c000 	/System/Library/PrivateFrameworks/AggregateDictionary.framework/Versions/A/AggregateDictionary
0x00007fff5ee0c000 	/usr/lib/libMobileGestalt.dylib
0x00007fff37db0000 	/System/Library/Frameworks/CoreVideo.framework/Versions/A/CoreVideo
0x00007fff51f08000 	/System/Library/PrivateFrameworks/GraphVisualizer.framework/Versions/A/GraphVisualizer
0x00007fff4bd88000 	/System/Library/PrivateFrameworks/FaceCore.framework/Versions/A/FaceCore
0x00007fff3e737000 	/System/Library/Frameworks/OpenCL.framework/Versions/A/OpenCL
0x00007fff5eb64000 	/usr/lib/libFosl_dynamic.dylib
0x00007fff55674000 	/System/Library/PrivateFrameworks/OTSVG.framework/Versions/A/OTSVG
0x00007fff345d1000 	/System/Library/Frameworks/ApplicationServices.framework/Versions/A/Frameworks/ATS.framework/Versions/A/Resources/libFontParser.dylib
0x00007fff346e9000 	/System/Library/Frameworks/ApplicationServices.framework/Versions/A/Frameworks/ATS.framework/Versions/A/Resources/libFontRegistry.dylib
0x00007fff38cba000 	/System/Library/Frameworks/ImageIO.framework/Versions/A/Resources/libJPEG.dylib
0x00007fff38fcc000 	/System/Library/Frameworks/ImageIO.framework/Versions/A/Resources/libTIFF.dylib
0x00007fff38fa2000 	/System/Library/Frameworks/ImageIO.framework/Versions/A/Resources/libPng.dylib
0x00007fff38bd8000 	/System/Library/Frameworks/ImageIO.framework/Versions/A/Resources/libGIF.dylib
0x00007fff38bdd000 	/System/Library/Frameworks/ImageIO.framework/Versions/A/Resources/libJP2.dylib
0x00007fff38fc9000 	/System/Library/Frameworks/ImageIO.framework/Versions/A/Resources/libRadiance.dylib
0x00007fff462f6000 	/System/Library/PrivateFrameworks/AppleJPEG.framework/Versions/A/AppleJPEG
0x00007fff3f114000 	/System/Library/Frameworks/OpenGL.framework/Versions/A/Libraries/libGFXShared.dylib
0x00007fff3f2d7000 	/System/Library/Frameworks/OpenGL.framework/Versions/A/Libraries/libGLU.dylib
0x00007fff3f11d000 	/System/Library/Frameworks/OpenGL.framework/Versions/A/Libraries/libGL.dylib
0x00007fff3f129000 	/System/Library/Frameworks/OpenGL.framework/Versions/A/Libraries/libGLImage.dylib
0x00007fff3f106000 	/System/Library/Frameworks/OpenGL.framework/Versions/A/Libraries/libCVMSPluginSupport.dylib
0x00007fff3f10f000 	/System/Library/Frameworks/OpenGL.framework/Versions/A/Libraries/libCoreVMClient.dylib
0x00007fff5f97b000 	/usr/lib/libcups.2.dylib
0x00007fff3a190000 	/System/Library/Frameworks/Kerberos.framework/Versions/A/Kerberos
0x00007fff386bd000 	/System/Library/Frameworks/GSS.framework/Versions/A/GSS
0x00007fff6108e000 	/usr/lib/libresolv.9.dylib
0x00007fff5fb6d000 	/usr/lib/libiconv.2.dylib
0x00007fff52067000 	/System/Library/PrivateFrameworks/Heimdal.framework/Versions/A/Heimdal
0x00007fff5fb3d000 	/usr/lib/libheimdal-asn1.dylib
0x00007fff3e7ab000 	/System/Library/Frameworks/OpenDirectory.framework/Versions/A/OpenDirectory
0x00007fff48b1b000 	/System/Library/PrivateFrameworks/CommonAuth.framework/Versions/A/CommonAuth
0x00007fff3e78f000 	/System/Library/Frameworks/OpenDirectory.framework/Versions/A/Frameworks/CFOpenDirectory.framework/Versions/A/CFOpenDirectory
0x00007fff4184f000 	/System/Library/Frameworks/SecurityFoundation.framework/Versions/A/SecurityFoundation
0x00007fff44f95000 	/System/Library/PrivateFrameworks/APFS.framework/Versions/A/APFS
0x00007fff614ef000 	/usr/lib/libutil.dylib
0x00007fff5f218000 	/usr/lib/libcharset.1.dylib
0x00007fff46593000 	/System/Library/PrivateFrameworks/AppleSauce.framework/Versions/A/AppleSauce
0x00007fff46714000 	/System/Library/PrivateFrameworks/AssertionServices.framework/Versions/A/AssertionServices
0x00007fff46e44000 	/System/Library/PrivateFrameworks/BaseBoard.framework/Versions/A/BaseBoard
0x00007fff5ff3e000 	/usr/lib/libmecab.1.0.0.dylib
0x00007fff5fb37000 	/usr/lib/libgermantok.dylib
0x00007fff5efe8000 	/usr/lib/libThaiTokenizer.dylib
0x00007fff5ea94000 	/usr/lib/libChineseTokenizer.dylib
0x00007fff53a83000 	/System/Library/PrivateFrameworks/LanguageModeling.framework/Versions/A/LanguageModeling
0x00007fff497fc000 	/System/Library/PrivateFrameworks/CoreEmoji.framework/Versions/A/CoreEmoji
0x00007fff53b5f000 	/System/Library/PrivateFrameworks/Lexicon.framework/Versions/A/Lexicon
0x00007fff53ba2000 	/System/Library/PrivateFrameworks/LinguisticData.framework/Versions/A/LinguisticData
0x00007fff5f219000 	/usr/lib/libcmph.dylib
0x00007fff4190d000 	/System/Library/Frameworks/ServiceManagement.framework/Versions/A/ServiceManagement
0x00007fff46da5000 	/System/Library/PrivateFrameworks/BackgroundTaskManagement.framework/Versions/A/BackgroundTaskManagement
0x00007fff615e8000 	/usr/lib/libxslt.1.dylib
0x00007fff3563c000 	/System/Library/Frameworks/Carbon.framework/Versions/A/Frameworks/Ink.framework/Versions/A/Ink
0x00007fff5cb26000 	/System/Library/PrivateFrameworks/TextureIO.framework/Versions/A/TextureIO
0x00007fff5f03c000 	/usr/lib/libate.dylib
0x00007fff4aadb000 	/System/Library/PrivateFrameworks/CrashReporterSupport.framework/Versions/A/CrashReporterSupport
0x00007fff5a265000 	/System/Library/PrivateFrameworks/Sharing.framework/Versions/A/Sharing
0x00007fff46af7000 	/System/Library/PrivateFrameworks/AuthKit.framework/Versions/A/AuthKit
0x00007fff4604b000 	/System/Library/PrivateFrameworks/Apple80211.framework/Versions/A/Apple80211
0x00007fff4a885000 	/System/Library/PrivateFrameworks/CoreUtils.framework/Versions/A/CoreUtils
0x00007fff37df0000 	/System/Library/Frameworks/CoreWLAN.framework/Versions/A/CoreWLAN
0x00007fff387ec000 	/System/Library/Frameworks/IOBluetooth.framework/Versions/A/IOBluetooth
0x00007fff586e9000 	/System/Library/PrivateFrameworks/ProtocolBuffer.framework/Versions/A/ProtocolBuffer
0x00007fff54aff000 	/System/Library/PrivateFrameworks/MobileKeyBag.framework/Versions/A/MobileKeyBag
0x00007fff4a0c9000 	/System/Library/PrivateFrameworks/CorePhoneNumbers.framework/Versions/A/CorePhoneNumbers
0x00007fff462aa000 	/System/Library/PrivateFrameworks/AppleIDAuthSupport.framework/Versions/A/AppleIDAuthSupport
0x00007fff53a56000 	/System/Library/PrivateFrameworks/KeychainCircle.framework/Versions/A/KeychainCircle
0x00007fff5889f000 	/System/Library/PrivateFrameworks/ROCKit.framework/Versions/A/ROCKit
0x00007fff4aa77000 	/System/Library/PrivateFrameworks/CoreWiFi.framework/Versions/A/CoreWiFi
0x00007fff35b87000 	/System/Library/Frameworks/CoreBluetooth.framework/Versions/A/CoreBluetooth
0x00007fff4acd2000 	/System/Library/PrivateFrameworks/DebugSymbols.framework/Versions/A/DebugSymbols
0x00007fff4a645000 	/System/Library/PrivateFrameworks/CoreSymbolication.framework/Versions/A/CoreSymbolication
0x00007fff5c341000 	/System/Library/PrivateFrameworks/Symbolication.framework/Versions/A/Symbolication
0x00007fff5bbe4000 	/System/Library/PrivateFrameworks/SpeechRecognitionCore.framework/Versions/A/SpeechRecognitionCore
0x000000010754b000 	/Library/Java/JavaVirtualMachines/jdk1.8.0_201.jdk/Contents/Home/jre/lib/server/libjvm.dylib
0x00007fff613ca000 	/usr/lib/libstdc++.6.dylib
0x0000000108504000 	/Library/Java/JavaVirtualMachines/jdk1.8.0_201.jdk/Contents/Home/jre/lib/libverify.dylib
0x0000000108512000 	/Library/Java/JavaVirtualMachines/jdk1.8.0_201.jdk/Contents/Home/jre/lib/libjava.dylib
0x0000000108549000 	/Library/Java/JavaVirtualMachines/jdk1.8.0_201.jdk/Contents/Home/jre/lib/libjdwp.dylib
0x0000000108594000 	/Library/Java/JavaVirtualMachines/jdk1.8.0_201.jdk/Contents/Home/jre/lib/libnpt.dylib
0x00000001085e1000 	/Library/Java/JavaVirtualMachines/jdk1.8.0_201.jdk/Contents/Home/jre/lib/libzip.dylib
0x000000010f795000 	/Library/Java/JavaVirtualMachines/jdk1.8.0_201.jdk/Contents/Home/jre/lib/libdt_socket.dylib
0x000000010fb7f000 	/Library/Java/JavaVirtualMachines/jdk1.8.0_201.jdk/Contents/Home/jre/lib/libnet.dylib

VM Arguments:
jvm_args: -agentlib:jdwp=transport=dt_socket,suspend=y,address=localhost:54456 -ea -Dfile.encoding=UTF-8 
java_command: org.testng.remote.RemoteTestNG -serport 54455 -protocol json -d /Users/pilarcabrera/eclipse-workspace/TestNGFramework/test-output /var/folders/7s/cpvndk3n7b58yh9ftb8ptch40000gn/T/testng-eclipse-945702293/testng-customsuite.xml
java_class_path (initial): /Users/pilarcabrera/eclipse/java-2018-12/Eclipse.app/Contents/Eclipse/configuration/org.eclipse.osgi/476/0/.cp/lib/testng-remote.jar:/Users/pilarcabrera/eclipse-workspace/TestNGFramework/target/test-classes:/Users/pilarcabrera/.m2/repository/org/apache/poi/poi-ooxml/4.1.0/poi-ooxml-4.1.0.jar:/Users/pilarcabrera/.m2/repository/org/apache/poi/poi/4.1.0/poi-4.1.0.jar:/Users/pilarcabrera/.m2/repository/commons-codec/commons-codec/1.12/commons-codec-1.12.jar:/Users/pilarcabrera/.m2/repository/org/apache/commons/commons-collections4/4.3/commons-collections4-4.3.jar:/Users/pilarcabrera/.m2/repository/org/apache/commons/commons-math3/3.6.1/commons-math3-3.6.1.jar:/Users/pilarcabrera/.m2/repository/org/apache/poi/poi-ooxml-schemas/4.1.0/poi-ooxml-schemas-4.1.0.jar:/Users/pilarcabrera/.m2/repository/org/apache/xmlbeans/xmlbeans/3.1.0/xmlbeans-3.1.0.jar:/Users/pilarcabrera/.m2/repository/org/apache/commons/commons-compress/1.18/commons-compress-1.18.jar:/Users/pilarcabrera/.m2/repository/com/github/virtuald/curvesapi/1.06/curvesapi-1.06.jar:/Users/pilarcabrera/.m2/repository/org/seleniumhq/selenium/selenium-java/3.141.59/selenium-java-3.141.59.jar:/Users/pilarcabrera/.m2/repository/org/seleniumhq/selenium/selenium-api/3.141.59/selenium-api-3.141.59.jar:/Users/pilarcabrera/.m2/repository/org/seleniumhq/selenium/selenium-chrome-driver/3.141.59/selenium-chrome-driver-3.141.59.jar:/Users/pilarcabrera/.m2/repository/org/seleniumhq/selenium/selenium-edge-driver/3.141.59/selenium-edge-driver-3.141.59.jar:/Users/pilarcabrera/.m2/repository/org/seleniumhq/selenium/selenium-firefox-driver/3.141.59/selenium-firefox-driver-3.141.59.jar:/Users/pilarcabrera/.m2/repository/org/seleniumhq/selenium/selenium-ie-driver/3.141.59/selenium-ie-driver-3.141.59.jar:/Users/pilarcabrera/.m2/repository/org/seleniumhq/selenium/selenium-opera-driver/3.141.59/selenium-opera-driver-3.141.59.jar:/Users/pilarcabrera/.m2/repository/org/seleniumhq/selenium/selenium-remote-driver/3.14
Launcher Type: SUN_STANDARD

Environment Variables:
PATH=/usr/bin:/bin:/usr/sbin:/sbin
SHELL=/bin/bash

Signal Handlers:
SIGSEGV: [libjvm.dylib+0x5b723d], sa_mask[0]=11111111011111110111111111111111, sa_flags=SA_ONSTACK|SA_RESTART|SA_SIGINFO
SIGBUS: [libjvm.dylib+0x5b723d], sa_mask[0]=11111111011111110111111111111111, sa_flags=SA_RESTART|SA_SIGINFO
SIGFPE: [libjvm.dylib+0x48c9bc], sa_mask[0]=11111111011111110111111111111111, sa_flags=SA_RESTART|SA_SIGINFO
SIGPIPE: [libjvm.dylib+0x48c9bc], sa_mask[0]=11111111011111110111111111111111, sa_flags=SA_RESTART|SA_SIGINFO
SIGXFSZ: [libjvm.dylib+0x48c9bc], sa_mask[0]=11111111011111110111111111111111, sa_flags=SA_RESTART|SA_SIGINFO
SIGILL: [libjvm.dylib+0x48c9bc], sa_mask[0]=11111111011111110111111111111111, sa_flags=SA_RESTART|SA_SIGINFO
SIGUSR1: SIG_DFL, sa_mask[0]=00000000000000000000000000000000, sa_flags=none
SIGUSR2: [libjvm.dylib+0x48c4da], sa_mask[0]=00100000000000000000000000000000, sa_flags=SA_RESTART|SA_SIGINFO
SIGHUP: [libjvm.dylib+0x48aa65], sa_mask[0]=11111111011111110111111111111111, sa_flags=SA_RESTART|SA_SIGINFO
SIGINT: [libjvm.dylib+0x48aa65], sa_mask[0]=11111111011111110111111111111111, sa_flags=SA_RESTART|SA_SIGINFO
SIGTERM: [libjvm.dylib+0x48aa65], sa_mask[0]=11111111011111110111111111111111, sa_flags=SA_RESTART|SA_SIGINFO
SIGQUIT: [libjvm.dylib+0x48aa65], sa_mask[0]=11111111011111110111111111111111, sa_flags=SA_RESTART|SA_SIGINFO


---------------  S Y S T E M  ---------------

OS:Bsduname:Darwin 18.6.0 Darwin Kernel Version 18.6.0: Thu Apr 25 23:16:27 PDT 2019; root:xnu-4903.261.4~2/RELEASE_X86_64 x86_64
rlimit: STACK 8192k, CORE 0k, NPROC 709, NOFILE 10240, AS infinity
load average:6.65 5.67 4.28

CPU:total 4 (initial active 4) (2 cores per cpu, 2 threads per core) family 6 model 142 stepping 9, cmov, cx8, fxsr, mmx, sse, sse2, sse3, ssse3, sse4.1, sse4.2, popcnt, avx, avx2, aes, clmul, erms, rtm, 3dnowpref, lzcnt, ht, tsc, tscinvbit, bmi1, bmi2, adx

Memory: 4k page, physical 8388608k(73236k free)

/proc/meminfo:


vm_info: Java HotSpot(TM) 64-Bit Server VM (25.201-b09) for bsd-amd64 JRE (1.8.0_201-b09), built on Dec 15 2018 18:35:23 by "java_re" with gcc 4.2.1 (Based on Apple Inc. build 5658) (LLVM build 2336.11.00)

time: Sun Jun 16 11:36:41 2019
timezone: EDT
elapsed time: 14123 seconds (0d 3h 55m 23s)

